Determining if the pthread_create exist failed with the following output:
Change Dir: /home/husarion/Robotous_FT_RFT60/catkin_ft/build/catkin_tools_prebuild/CMakeFiles/CMakeTmp

Run Build Command:"/usr/bin/make" "cmTC_608cb/fast"
/usr/bin/make -f CMakeFiles/cmTC_608cb.dir/build.make CMakeFiles/cmTC_608cb.dir/build
make[1]: Entering directory '/home/husarion/Robotous_FT_RFT60/catkin_ft/build/catkin_tools_prebuild/CMakeFiles/CMakeTmp'
Building C object CMakeFiles/cmTC_608cb.dir/CheckSymbolExists.c.o
/usr/bin/cc    -o CMakeFiles/cmTC_608cb.dir/CheckSymbolExists.c.o   -c /home/husarion/Robotous_FT_RFT60/catkin_ft/build/catkin_tools_prebuild/CMakeFiles/CMakeTmp/CheckSymbolExists.c
Linking C executable cmTC_608cb
/usr/bin/cmake -E cmake_link_script CMakeFiles/cmTC_608cb.dir/link.txt --verbose=1
/usr/bin/cc      -rdynamic CMakeFiles/cmTC_608cb.dir/CheckSymbolExists.c.o  -o cmTC_608cb 
CMakeFiles/cmTC_608cb.dir/CheckSymbolExists.c.o: In function `main':
CheckSymbolExists.c:(.text+0x2c): undefined reference to `pthread_create'
collect2: error: ld returned 1 exit status
CMakeFiles/cmTC_608cb.dir/build.make:97: recipe for target 'cmTC_608cb' failed
make[1]: *** [cmTC_608cb] Error 1
make[1]: Leaving directory '/home/husarion/Robotous_FT_RFT60/catkin_ft/build/catkin_tools_prebuild/CMakeFiles/CMakeTmp'
Makefile:126: recipe for target 'cmTC_608cb/fast' failed
make: *** [cmTC_608cb/fast] Error 2

File /home/husarion/Robotous_FT_RFT60/catkin_ft/build/catkin_tools_prebuild/CMakeFiles/CMakeTmp/CheckSymbolExists.c:
/* */
#include <pthread.h>

int main(int argc, char** argv)
{
  (void)argv;
#ifndef pthread_create
  return ((int*)(&pthread_create))[argc];
#else
  (void)argc;
  return 0;
#endif
}

Determining if the function pthread_create exists in the pthreads failed with the following output:
Change Dir: /home/husarion/Robotous_FT_RFT60/catkin_ft/build/catkin_tools_prebuild/CMakeFiles/CMakeTmp

Run Build Command:"/usr/bin/make" "cmTC_5c705/fast"
/usr/bin/make -f CMakeFiles/cmTC_5c705.dir/build.make CMakeFiles/cmTC_5c705.dir/build
make[1]: Entering directory '/home/husarion/Robotous_FT_RFT60/catkin_ft/build/catkin_tools_prebuild/CMakeFiles/CMakeTmp'
Building C object CMakeFiles/cmTC_5c705.dir/CheckFunctionExists.c.o
/usr/bin/cc   -DCHECK_FUNCTION_EXISTS=pthread_create   -o CMakeFiles/cmTC_5c705.dir/CheckFunctionExists.c.o   -c /usr/share/cmake-3.10/Modules/CheckFunctionExists.c
Linking C executable cmTC_5c705
/usr/bin/cmake -E cmake_link_script CMakeFiles/cmTC_5c705.dir/link.txt --verbose=1
/usr/bin/cc  -DCHECK_FUNCTION_EXISTS=pthread_create    -rdynamic CMakeFiles/cmTC_5c705.dir/CheckFunctionExists.c.o  -o cmTC_5c705 -lpthreads 
/usr/bin/ld: cannot find -lpthreads
collect2: error: ld returned 1 exit status
CMakeFiles/cmTC_5c705.dir/build.make:97: recipe for target 'cmTC_5c705' failed
make[1]: *** [cmTC_5c705] Error 1
make[1]: Leaving directory '/home/husarion/Robotous_FT_RFT60/catkin_ft/build/catkin_tools_prebuild/CMakeFiles/CMakeTmp'
Makefile:126: recipe for target 'cmTC_5c705/fast' failed
make: *** [cmTC_5c705/fast] Error 2


