Symlinking /home/husarion/Robotous_FT_RFT60/catkin_ft/devel/lib/pkgconfig/rft_sensor_serial.pc
Symlinking /home/husarion/Robotous_FT_RFT60/catkin_ft/devel/lib/rft_sensor_serial/rft_sensor_serial
Symlinking /home/husarion/Robotous_FT_RFT60/catkin_ft/devel/lib/python2.7/dist-packages/rft_sensor_serial/__init__.py
Symlinking /home/husarion/Robotous_FT_RFT60/catkin_ft/devel/lib/python2.7/dist-packages/rft_sensor_serial/srv/_rft_operation.py
Symlinking /home/husarion/Robotous_FT_RFT60/catkin_ft/devel/lib/python2.7/dist-packages/rft_sensor_serial/srv/__init__.py
Symlinking /home/husarion/Robotous_FT_RFT60/catkin_ft/devel/share/gennodejs/ros/rft_sensor_serial/_index.js
Symlinking /home/husarion/Robotous_FT_RFT60/catkin_ft/devel/share/gennodejs/ros/rft_sensor_serial/srv/rft_operation.js
Symlinking /home/husarion/Robotous_FT_RFT60/catkin_ft/devel/share/gennodejs/ros/rft_sensor_serial/srv/_index.js
Symlinking /home/husarion/Robotous_FT_RFT60/catkin_ft/devel/share/rft_sensor_serial/cmake/rft_sensor_serial-msg-extras.cmake
Symlinking /home/husarion/Robotous_FT_RFT60/catkin_ft/devel/share/rft_sensor_serial/cmake/rft_sensor_serial-msg-paths.cmake
Symlinking /home/husarion/Robotous_FT_RFT60/catkin_ft/devel/share/rft_sensor_serial/cmake/rft_sensor_serialConfig.cmake
Symlinking /home/husarion/Robotous_FT_RFT60/catkin_ft/devel/share/rft_sensor_serial/cmake/rft_sensor_serialConfig-version.cmake
Symlinking /home/husarion/Robotous_FT_RFT60/catkin_ft/devel/share/common-lisp/ros/rft_sensor_serial/srv/rft_operation.lisp
Symlinking /home/husarion/Robotous_FT_RFT60/catkin_ft/devel/share/common-lisp/ros/rft_sensor_serial/srv/rft_sensor_serial-srv.asd
Symlinking /home/husarion/Robotous_FT_RFT60/catkin_ft/devel/share/common-lisp/ros/rft_sensor_serial/srv/_package.lisp
Symlinking /home/husarion/Robotous_FT_RFT60/catkin_ft/devel/share/common-lisp/ros/rft_sensor_serial/srv/_package_rft_operation.lisp
Symlinking /home/husarion/Robotous_FT_RFT60/catkin_ft/devel/share/roseus/ros/rft_sensor_serial/manifest.l
Symlinking /home/husarion/Robotous_FT_RFT60/catkin_ft/devel/share/roseus/ros/rft_sensor_serial/srv/rft_operation.l
Symlinking /home/husarion/Robotous_FT_RFT60/catkin_ft/devel/include/rft_sensor_serial/rft_operation.h
Symlinking /home/husarion/Robotous_FT_RFT60/catkin_ft/devel/include/rft_sensor_serial/rft_operationRequest.h
Symlinking /home/husarion/Robotous_FT_RFT60/catkin_ft/devel/include/rft_sensor_serial/rft_operationResponse.h
