-- Using CATKIN_DEVEL_PREFIX: /home/husarion/Robotous_FT_RFT60/catkin_ft/devel/.private/rft_sensor_serial
-- Using CMAKE_PREFIX_PATH: /home/husarion/Robotous_FT_RFT60/catkin_ft/devel;/home/husarion/catkin_ws/devel;/opt/ros/melodic
-- This workspace overlays: /home/husarion/Robotous_FT_RFT60/catkin_ft/devel;/home/husarion/catkin_ws/devel;/opt/ros/melodic
-- Found PythonInterp: /usr/bin/python2 (found suitable version "2.7.17", minimum required is "2") 
-- Using PYTHON_EXECUTABLE: /usr/bin/python2
-- Using Debian Python package layout
-- Using empy: /usr/bin/empy
-- Using CATKIN_ENABLE_TESTING: ON
-- Call enable_testing()
-- Using CATKIN_TEST_RESULTS_DIR: /home/husarion/Robotous_FT_RFT60/catkin_ft/build/rft_sensor_serial/test_results
-- Found gtest sources under '/usr/src/googletest': gtests will be built
-- Found gmock sources under '/usr/src/googletest': gmock will be built
-- Found PythonInterp: /usr/bin/python2 (found version "2.7.17") 
-- Using Python nosetests: /usr/bin/nosetests-2.7
-- catkin 0.7.26
-- BUILD_SHARED_LIBS is on
-- Using these message generators: gencpp;geneus;genlisp;gennodejs;genpy
-- rft_sensor_serial: 0 messages, 1 services
-- Configuring done
-- Generating done
-- Build files have been written to: /home/husarion/Robotous_FT_RFT60/catkin_ft/build/rft_sensor_serial
[35m[1mScanning dependencies of target std_msgs_generate_messages_py[0m
[35m[1mScanning dependencies of target _rft_sensor_serial_generate_messages_check_deps_rft_operation[0m
[35m[1mScanning dependencies of target std_msgs_generate_messages_nodejs[0m
[35m[1mScanning dependencies of target std_msgs_generate_messages_eus[0m
[  0%] Built target std_msgs_generate_messages_nodejs
[  0%] Built target std_msgs_generate_messages_py
[  0%] Built target std_msgs_generate_messages_eus
[35m[1mScanning dependencies of target std_msgs_generate_messages_cpp[0m
[35m[1mScanning dependencies of target std_msgs_generate_messages_lisp[0m
[35m[1mScanning dependencies of target geometry_msgs_generate_messages_py[0m
[  0%] Built target std_msgs_generate_messages_lisp
[  0%] Built target std_msgs_generate_messages_cpp
[  0%] Built target geometry_msgs_generate_messages_py
[  0%] Built target _rft_sensor_serial_generate_messages_check_deps_rft_operation
[35m[1mScanning dependencies of target geometry_msgs_generate_messages_cpp[0m
[35m[1mScanning dependencies of target rosgraph_msgs_generate_messages_nodejs[0m
[35m[1mScanning dependencies of target roscpp_generate_messages_lisp[0m
[35m[1mScanning dependencies of target roscpp_generate_messages_cpp[0m
[  0%] Built target geometry_msgs_generate_messages_cpp
[  0%] Built target roscpp_generate_messages_cpp
[  0%] Built target rosgraph_msgs_generate_messages_nodejs
[  0%] Built target roscpp_generate_messages_lisp
[35m[1mScanning dependencies of target roscpp_generate_messages_nodejs[0m
[35m[1mScanning dependencies of target geometry_msgs_generate_messages_lisp[0m
[35m[1mScanning dependencies of target roscpp_generate_messages_eus[0m
[35m[1mScanning dependencies of target geometry_msgs_generate_messages_nodejs[0m
[  0%] Built target roscpp_generate_messages_nodejs
[  0%] Built target geometry_msgs_generate_messages_lisp
[  0%] Built target roscpp_generate_messages_eus
[  0%] Built target geometry_msgs_generate_messages_nodejs
[35m[1mScanning dependencies of target rosgraph_msgs_generate_messages_py[0m
[35m[1mScanning dependencies of target geometry_msgs_generate_messages_eus[0m
[35m[1mScanning dependencies of target rosgraph_msgs_generate_messages_lisp[0m
[35m[1mScanning dependencies of target roscpp_generate_messages_py[0m
[  0%] Built target rosgraph_msgs_generate_messages_py
[  0%] Built target geometry_msgs_generate_messages_eus
[  0%] Built target rosgraph_msgs_generate_messages_lisp
[  0%] Built target roscpp_generate_messages_py
[35m[1mScanning dependencies of target rosgraph_msgs_generate_messages_eus[0m
[35m[1mScanning dependencies of target rosgraph_msgs_generate_messages_cpp[0m
[35m[1mScanning dependencies of target rft_sensor_serial_generate_messages_py[0m
make[2]: Warning: File '/home/husarion/Robotous_FT_RFT60/catkin_ft/src/RFT_Sensor_Serial/srv/rft_operation.srv' has modification time 172 s in the future
[  0%] Built target rosgraph_msgs_generate_messages_cpp
[35m[1mScanning dependencies of target rft_sensor_serial_generate_messages_nodejs[0m
[  0%] Built target rosgraph_msgs_generate_messages_eus
make[2]: Warning: File '/home/husarion/Robotous_FT_RFT60/catkin_ft/src/RFT_Sensor_Serial/srv/rft_operation.srv' has modification time 172 s in the future
[  9%] [34m[1mGenerating Python code from SRV rft_sensor_serial/rft_operation[0m
[ 18%] [34m[1mGenerating Javascript code from rft_sensor_serial/rft_operation.srv[0m
[35m[1mScanning dependencies of target rft_sensor_serial_generate_messages_cpp[0m
[35m[1mScanning dependencies of target rft_sensor_serial_generate_messages_eus[0m
make[2]: Warning: File '/opt/ros/melodic/share/gencpp/srv.h.template' has modification time 66121102 s in the future
make[2]: Warning: File '/home/husarion/Robotous_FT_RFT60/catkin_ft/src/RFT_Sensor_Serial/srv/rft_operation.srv' has modification time 172 s in the future
[ 36%] [34m[1mGenerating C++ code from rft_sensor_serial/rft_operation.srv[0m
[ 36%] [34m[1mGenerating EusLisp code from rft_sensor_serial/rft_operation.srv[0m
make[2]: warning:  Clock skew detected.  Your build may be incomplete.
[ 36%] Built target rft_sensor_serial_generate_messages_nodejs
[35m[1mScanning dependencies of target rft_sensor_serial_generate_messages_lisp[0m
make[2]: Warning: File '/home/husarion/Robotous_FT_RFT60/catkin_ft/src/RFT_Sensor_Serial/srv/rft_operation.srv' has modification time 172 s in the future
[ 45%] [34m[1mGenerating Lisp code from rft_sensor_serial/rft_operation.srv[0m
[ 54%] [34m[1mGenerating EusLisp manifest code for rft_sensor_serial[0m
[ 63%] [34m[1mGenerating Python srv __init__.py for rft_sensor_serial[0m
make[2]: warning:  Clock skew detected.  Your build may be incomplete.
[ 63%] Built target rft_sensor_serial_generate_messages_lisp
make[2]: warning:  Clock skew detected.  Your build may be incomplete.
[ 63%] Built target rft_sensor_serial_generate_messages_py
make[2]: warning:  Clock skew detected.  Your build may be incomplete.
[ 63%] Built target rft_sensor_serial_generate_messages_cpp
make[2]: warning:  Clock skew detected.  Your build may be incomplete.
[ 63%] Built target rft_sensor_serial_generate_messages_eus
[35m[1mScanning dependencies of target rft_sensor_serial_generate_messages[0m
[35m[1mScanning dependencies of target rft_sensor_serial[0m
[ 63%] Built target rft_sensor_serial_generate_messages
make[2]: Warning: File '/home/husarion/Robotous_FT_RFT60/catkin_ft/src/RFT_Sensor_Serial/src/main.cpp' has modification time 167 s in the future
[ 90%] [32mBuilding CXX object CMakeFiles/rft_sensor_serial.dir/src/main.cpp.o[0m
[ 90%] [32mBuilding CXX object CMakeFiles/rft_sensor_serial.dir/src/RFT_IF_PACKET_Rev1.2.cpp.o[0m
[ 90%] [32mBuilding CXX object CMakeFiles/rft_sensor_serial.dir/src/RFT_COM.cpp.o[0m
In file included from [01m[K/usr/include/boost/bind.hpp:22:0[m[K,
                 from [01m[K/home/husarion/catkin_ws/src/ros_comm/clients/roscpp/include/ros/publisher.h:35[m[K,
                 from [01m[K/home/husarion/catkin_ws/src/ros_comm/clients/roscpp/include/ros/node_handle.h:32[m[K,
                 from [01m[K/home/husarion/catkin_ws/src/ros_comm/clients/roscpp/include/ros/ros.h:45[m[K,
                 from [01m[K/home/husarion/Robotous_FT_RFT60/catkin_ft/src/RFT_Sensor_Serial/src/main.cpp:30[m[K:
[01m[K/usr/include/boost/bind/bind_cc.hpp:[m[K In function '[01m[Kboost::_bi::bind_t<R, R (*)(B1), typename boost::_bi::list_av_1<A1>::type> boost::bind(R (*)(B1), A1) [with R = ros::SerializedMessage; B1 = const geometry_msgs::WrenchStamped_<std::allocator<void> >&; A1 = boost::reference_wrapper<const geometry_msgs::WrenchStamped_<std::allocator<void> > >][m[K':
[01m[K/usr/include/boost/bind/bind_cc.hpp:26:5:[m[K [01;36m[Knote: [m[Kparameter passing for argument of type '[01m[Kboost::reference_wrapper<const geometry_msgs::WrenchStamped_<std::allocator<void> > >[m[K' changed in GCC 7.1
     [01;36m[KB[m[KOOST_BIND(BOOST_BIND_ST R (BOOST_BIND_CC *f) (B1), A1 a1)
     [01;36m[K^[m[K
In file included from [01m[K/usr/include/boost/bind/bind.hpp:2126:0[m[K,
                 from [01m[K/usr/include/boost/bind.hpp:22[m[K,
                 from [01m[K/home/husarion/catkin_ws/src/ros_comm/clients/roscpp/include/ros/publisher.h:35[m[K,
                 from [01m[K/home/husarion/catkin_ws/src/ros_comm/clients/roscpp/include/ros/node_handle.h:32[m[K,
                 from [01m[K/home/husarion/catkin_ws/src/ros_comm/clients/roscpp/include/ros/ros.h:45[m[K,
                 from [01m[K/home/husarion/Robotous_FT_RFT60/catkin_ft/src/RFT_Sensor_Serial/src/main.cpp:30[m[K:
[01m[K/usr/include/boost/bind/bind_cc.hpp:30:58:[m[K [01;36m[Knote: [m[Kparameter passing for argument of type '[01m[Kboost::reference_wrapper<const geometry_msgs::WrenchStamped_<std::allocator<void> > >[m[K' changed in GCC 7.1
     return _bi::bind_t<R, F, list_type> (f, list_type(a1)[01;36m[K)[m[K;
                                                          [01;36m[K^[m[K
In file included from [01m[K/usr/include/boost/bind.hpp:22:0[m[K,
                 from [01m[K/home/husarion/catkin_ws/src/ros_comm/clients/roscpp/include/ros/publisher.h:35[m[K,
                 from [01m[K/home/husarion/catkin_ws/src/ros_comm/clients/roscpp/include/ros/node_handle.h:32[m[K,
                 from [01m[K/home/husarion/catkin_ws/src/ros_comm/clients/roscpp/include/ros/ros.h:45[m[K,
                 from [01m[K/home/husarion/Robotous_FT_RFT60/catkin_ft/src/RFT_Sensor_Serial/src/main.cpp:30[m[K:
[01m[K/usr/include/boost/bind/bind.hpp:[m[K In constructor '[01m[Kboost::_bi::list1<A1>::list1(A1) [with A1 = boost::reference_wrapper<const geometry_msgs::WrenchStamped_<std::allocator<void> > >][m[K':
[01m[K/usr/include/boost/bind/bind.hpp:231:14:[m[K [01;36m[Knote: [m[Kparameter passing for argument of type '[01m[Kboost::reference_wrapper<const geometry_msgs::WrenchStamped_<std::allocator<void> > >[m[K' changed in GCC 7.1
     explicit [01;36m[Klist1[m[K( A1 a1 ): base_type( a1 ) {}
              [01;36m[K^~~~~[m[K
[01m[K/usr/include/boost/bind/bind.hpp:231:44:[m[K [01;36m[Knote: [m[Kparameter passing for argument of type '[01m[Kboost::reference_wrapper<const geometry_msgs::WrenchStamped_<std::allocator<void> > >[m[K' changed in GCC 7.1
     explicit list1( A1 a1 ): base_type( a1 [01;36m[K)[m[K {}
                                            [01;36m[K^[m[K
In file included from [01m[K/usr/include/boost/bind/bind.hpp:47:0[m[K,
                 from [01m[K/usr/include/boost/bind.hpp:22[m[K,
                 from [01m[K/home/husarion/catkin_ws/src/ros_comm/clients/roscpp/include/ros/publisher.h:35[m[K,
                 from [01m[K/home/husarion/catkin_ws/src/ros_comm/clients/roscpp/include/ros/node_handle.h:32[m[K,
                 from [01m[K/home/husarion/catkin_ws/src/ros_comm/clients/roscpp/include/ros/ros.h:45[m[K,
                 from [01m[K/home/husarion/Robotous_FT_RFT60/catkin_ft/src/RFT_Sensor_Serial/src/main.cpp:30[m[K:
[01m[K/usr/include/boost/bind/storage.hpp:[m[K In constructor '[01m[Kboost::_bi::storage1<A1>::storage1(A1) [with A1 = boost::reference_wrapper<const geometry_msgs::WrenchStamped_<std::allocator<void> > >][m[K':
[01m[K/usr/include/boost/bind/storage.hpp:42:14:[m[K [01;36m[Knote: [m[Kparameter passing for argument of type '[01m[Kboost::reference_wrapper<const geometry_msgs::WrenchStamped_<std::allocator<void> > >[m[K' changed in GCC 7.1
     explicit [01;36m[Kstorage1[m[K( A1 a1 ): a1_( a1 ) {}
              [01;36m[K^~~~~~~~[m[K
[100%] [32m[1mLinking CXX executable /home/husarion/Robotous_FT_RFT60/catkin_ft/devel/.private/rft_sensor_serial/lib/rft_sensor_serial/rft_sensor_serial[0m
make[2]: warning:  Clock skew detected.  Your build may be incomplete.
[100%] Built target rft_sensor_serial
